[INFO] Scanning for projects...
[INFO] 
[INFO] ---------------------< com.raks:apiurlcomparison >----------------------
[INFO] Building apiurlcomparison 1.0.0
[INFO]   from pom.xml
[INFO] --------------------------------[ jar ]---------------------------------
[INFO] 
[INFO] --- clean:3.2.0:clean (default-clean) @ apiurlcomparison ---
[INFO] Deleting C:\raks\apiguard\apiurlcomparison\target
[INFO] 
[INFO] --- resources:3.3.1:resources (default-resources) @ apiurlcomparison ---
[INFO] Copying 14 resources from src\main\resources to target\classes
[INFO] 
[INFO] --- compiler:3.11.0:compile (default-compile) @ apiurlcomparison ---
[INFO] Changes detected - recompiling the module! :source
[INFO] Compiling 20 source files with javac [debug release 17] to target\classes
[INFO] -------------------------------------------------------------
[ERROR] COMPILATION ERROR : 
[INFO] -------------------------------------------------------------
[ERROR] /C:/raks/apiguard/apiurlcomparison/src/main/java/com/raks/apiurlcomparison/BaselineComparisonService.java:[216,52] cannot find symbol
  symbol:   method getMetadata()
  location: variable baseline of type com.raks.apiurlcomparison.BaselineStorageService.BaselineIteration
[INFO] 1 error
[INFO] -------------------------------------------------------------
[INFO] ------------------------------------------------------------------------
[INFO] BUILD FAILURE
[INFO] ------------------------------------------------------------------------
[INFO] Total time:  6.972 s
[INFO] Finished at: 2026-01-05T10:01:49-06:00
[INFO] ------------------------------------------------------------------------
[ERROR] Failed to execute goal org.apache.maven.plugins:maven-compiler-plugin:3.11.0:compile (default-compile) on project apiurlcomparison: Compilation failure
[ERROR] /C:/raks/apiguard/apiurlcomparison/src/main/java/com/raks/apiurlcomparison/BaselineComparisonService.java:[216,52] cannot find symbol
[ERROR]   symbol:   method getMetadata()
[ERROR]   location: variable baseline of type com.raks.apiurlcomparison.BaselineStorageService.BaselineIteration
[ERROR] -> [Help 1]
[ERROR] 
[ERROR] To see the full stack trace of the errors, re-run Maven with the -e switch.
[ERROR] Re-run Maven using the -X switch to enable full debug logging.
[ERROR] 
[ERROR] For more information about the errors and possible solutions, please read the following articles:
[ERROR] [Help 1] http://cwiki.apache.org/confluence/display/MAVEN/MojoFailureException
