[INFO] Scanning for projects...
[INFO] 
[INFO] -----------------------< com.raks:raksanalyzer >------------------------
[INFO] Building RaksAnalyzer 1.0.0
[INFO]   from pom.xml
[INFO] --------------------------------[ jar ]---------------------------------
[INFO] 
[INFO] --- resources:3.3.1:resources (default-resources) @ raksanalyzer ---
[INFO] Copying 584 resources from src\main\resources to target\classes
[INFO] 
[INFO] --- compiler:3.12.1:compile (default-compile) @ raksanalyzer ---
[INFO] Recompiling the module because of changed source code.
[INFO] Compiling 71 source files with javac [debug target 17] to target\classes
[INFO] /C:/raks/apiguard/raksanalyzer/src/main/java/com/raks/raksanalyzer/generator/word/TibcoWordGenerator.java: Some input files use unchecked or unsafe operations.
[INFO] /C:/raks/apiguard/raksanalyzer/src/main/java/com/raks/raksanalyzer/generator/word/TibcoWordGenerator.java: Recompile with -Xlint:unchecked for details.
[INFO] -------------------------------------------------------------
[ERROR] COMPILATION ERROR : 
[INFO] -------------------------------------------------------------
[ERROR] /C:/raks/apiguard/raksanalyzer/src/main/java/com/raks/raksanalyzer/ReproductionTest.java:[24,41] constructor TibcoDiagramGenerator in class com.raks.raksanalyzer.generator.tibco.TibcoDiagramGenerator cannot be applied to given types;
  required: no arguments
  found:    com.raks.raksanalyzer.core.config.ConfigurationManager,java.nio.file.Path
  reason: actual and formal argument lists differ in length
[ERROR] /C:/raks/apiguard/raksanalyzer/src/main/java/com/raks/raksanalyzer/ReproductionTest.java:[25,30] generateFlowPuml(org.w3c.dom.Document,java.lang.String) has private access in com.raks.raksanalyzer.generator.tibco.TibcoDiagramGenerator
[INFO] 2 errors 
[INFO] -------------------------------------------------------------
[INFO] ------------------------------------------------------------------------
[INFO] BUILD FAILURE
[INFO] ------------------------------------------------------------------------
[INFO] Total time:  22.504 s
[INFO] Finished at: 2025-12-31T16:14:12-06:00
[INFO] ------------------------------------------------------------------------
[ERROR] Failed to execute goal org.apache.maven.plugins:maven-compiler-plugin:3.12.1:compile (default-compile) on project raksanalyzer: Compilation failure: Compilation failure: 
[ERROR] /C:/raks/apiguard/raksanalyzer/src/main/java/com/raks/raksanalyzer/ReproductionTest.java:[24,41] constructor TibcoDiagramGenerator in class com.raks.raksanalyzer.generator.tibco.TibcoDiagramGenerator cannot be applied to given types;
[ERROR]   required: no arguments
[ERROR]   found:    com.raks.raksanalyzer.core.config.ConfigurationManager,java.nio.file.Path
[ERROR]   reason: actual and formal argument lists differ in length
[ERROR] /C:/raks/apiguard/raksanalyzer/src/main/java/com/raks/raksanalyzer/ReproductionTest.java:[25,30] generateFlowPuml(org.w3c.dom.Document,java.lang.String) has private access in com.raks.raksanalyzer.generator.tibco.TibcoDiagramGenerator
[ERROR] -> [Help 1]
[ERROR] 
[ERROR] To see the full stack trace of the errors, re-run Maven with the -e switch.
[ERROR] Re-run Maven using the -X switch to enable full debug logging.
[ERROR] 
[ERROR] For more information about the errors and possible solutions, please read the following articles:
[ERROR] [Help 1] http://cwiki.apache.org/confluence/display/MAVEN/MojoFailureException
